<?xml version="1.0" encoding="UTF-8"?>
<!-- Generated by org.testng.reporters.JUnitXMLReporter -->
<testsuite ignored="86" hostname="DESKTOP-DKJ5MC1" failures="0" tests="1" name="Default test" time="13.387" errors="0" timestamp="2024-09-21T10:44:12 EDT">
  <testcase classname="pagesTest.HomePageTest" name="clickLoginButtonTest" time="8.356"/>
  <testcase classname="pagesTest.HomePageTest" name="role6_use_of_cssSelector_by_id_value_and_attribute_and_its_value_test" time="0.0">
    <ignored/>
  </testcase> <!-- role6_use_of_cssSelector_by_id_value_and_attribute_and_its_value_test -->
  <testcase classname="pagesTest.HomePageTest" name="alternate_of_send_keys_method_test" time="0.0">
    <ignored/>
  </testcase> <!-- alternate_of_send_keys_method_test -->
  <testcase classname="pagesTest.HomePageTest" name="homepageLoginButtonTest06" time="0.0">
    <ignored/>
  </testcase> <!-- homepageLoginButtonTest06 -->
  <testcase classname="pagesTest.HomePageTest" name="use_of_explicitly_wait_02_test" time="0.0">
    <ignored/>
  </testcase> <!-- use_of_explicitly_wait_02_test -->
  <testcase classname="pagesTest.HomePageTest" name="new_user_registration_button_enabled_test" time="0.0">
    <ignored/>
  </testcase> <!-- new_user_registration_button_enabled_test -->
  <testcase classname="pagesTest.HomePageTest" name="use_of_scroll_down_and_up_by_javascriptExecutor_test" time="0.0">
    <ignored/>
  </testcase> <!-- use_of_scroll_down_and_up_by_javascriptExecutor_test -->
  <testcase classname="pagesTest.HomePageTest" name="getMethodsOfThePageTest" time="0.0">
    <ignored/>
  </testcase> <!-- getMethodsOfThePageTest -->
  <testcase classname="pagesTest.HomePageTest" name="use_of_getAttribute_method_Test" time="0.0">
    <ignored/>
  </testcase> <!-- use_of_getAttribute_method_Test -->
  <testcase classname="pagesTest.HomePageTest" name="use_of_explicitly_wait_03_test" time="0.0">
    <ignored/>
  </testcase> <!-- use_of_explicitly_wait_03_test -->
  <testcase classname="pagesTest.HomePageTest" name="alternate_of_click_method_in_loginButtonTest03" time="0.0">
    <ignored/>
  </testcase> <!-- alternate_of_click_method_in_loginButtonTest03 -->
  <testcase classname="pagesTest.HomePageTest" name="use_of_explicitly_wait_05_test" time="0.0">
    <ignored/>
  </testcase> <!-- use_of_explicitly_wait_05_test -->
  <testcase classname="pagesTest.HomePageTest" name="how_to_handle_hidden_element_by_regular_selenium_method_test" time="0.0">
    <ignored/>
  </testcase> <!-- how_to_handle_hidden_element_by_regular_selenium_method_test -->
  <testcase classname="pagesTest.HomePageTest" name="read_any_row_of_the_table_test" time="0.0">
    <ignored/>
  </testcase> <!-- read_any_row_of_the_table_test -->
  <testcase classname="pagesTest.HomePageTest" name="role3_use_of_cssSelector_by_compund_class_name_value_test" time="0.0">
    <ignored/>
  </testcase> <!-- role3_use_of_cssSelector_by_compund_class_name_value_test -->
  <testcase classname="pagesTest.HomePageTest" name="homepageLoginButtonTest09" time="0.0">
    <ignored/>
  </testcase> <!-- homepageLoginButtonTest09 -->
  <testcase classname="pagesTest.HomePageTest" name="use_of_sendKeys_method_then_click_by_tab_key_of_the_laptop_test" time="0.0">
    <ignored/>
  </testcase> <!-- use_of_sendKeys_method_then_click_by_tab_key_of_the_laptop_test -->
  <testcase classname="pagesTest.HomePageTest" name="getMethodsOfThePage03Test" time="0.0">
    <ignored/>
  </testcase> <!-- getMethodsOfThePage03Test -->
  <testcase classname="pagesTest.HomePageTest" name="use_of_explicitly_wait_from_common_waits_test" time="0.0">
    <ignored/>
  </testcase> <!-- use_of_explicitly_wait_from_common_waits_test -->
  <testcase classname="pagesTest.HomePageTest" name="web_based_alert_accept_test" time="0.0">
    <ignored/>
  </testcase> <!-- web_based_alert_accept_test -->
  <testcase classname="pagesTest.HomePageTest" name="skipHomePageTitle01Test" time="0.0">
    <ignored/>
  </testcase> <!-- skipHomePageTitle01Test -->
  <testcase classname="pagesTest.HomePageTest" name="use_of_tagName_as_locator_test" time="0.0">
    <ignored/>
  </testcase> <!-- use_of_tagName_as_locator_test -->
  <testcase classname="pagesTest.HomePageTest" name="role4_use_of_cssSelector_by_attribute_and_its_value_test" time="0.0">
    <ignored/>
  </testcase> <!-- role4_use_of_cssSelector_by_attribute_and_its_value_test -->
  <testcase classname="pagesTest.HomePageTest" name="switch_between_window_test" time="0.0">
    <ignored/>
  </testcase> <!-- switch_between_window_test -->
  <testcase classname="pagesTest.HomePageTest" name="scroll_into_view_the_element_test" time="0.0">
    <ignored/>
  </testcase> <!-- scroll_into_view_the_element_test -->
  <testcase classname="pagesTest.HomePageTest" name="how_to_handle_hidden_element_by_javascriptExecutor_test" time="0.0">
    <ignored/>
  </testcase> <!-- how_to_handle_hidden_element_by_javascriptExecutor_test -->
  <testcase classname="pagesTest.HomePageTest" name="use_of_right_click_action_test" time="0.0">
    <ignored/>
  </testcase> <!-- use_of_right_click_action_test -->
  <testcase classname="pagesTest.HomePageTest" name="use_of_navigate_method_test" time="0.0">
    <ignored/>
  </testcase> <!-- use_of_navigate_method_test -->
  <testcase classname="pagesTest.HomePageTest" name="useOfByClassInLoginProcessTest" time="0.0">
    <ignored/>
  </testcase> <!-- useOfByClassInLoginProcessTest -->
  <testcase classname="pagesTest.HomePageTest" name="role1_use_of_cssSelector_by_class_name_value_test" time="0.0">
    <ignored/>
  </testcase> <!-- role1_use_of_cssSelector_by_class_name_value_test -->
  <testcase classname="pagesTest.HomePageTest" name="web_based_alert_dismiss_test" time="0.0">
    <ignored/>
  </testcase> <!-- web_based_alert_dismiss_test -->
  <testcase classname="pagesTest.HomePageTest" name="newUserRegistrationPageValidationTest" time="0.0">
    <ignored/>
  </testcase> <!-- newUserRegistrationPageValidationTest -->
  <testcase classname="pagesTest.HomePageTest" name="login_process_by_JavascriptExecutor_test" time="0.0">
    <ignored/>
  </testcase> <!-- login_process_by_JavascriptExecutor_test -->
  <testcase classname="pagesTest.HomePageTest" name="alternate_of_click_method_in_loginButtonTest02" time="0.0">
    <ignored/>
  </testcase> <!-- alternate_of_click_method_in_loginButtonTest02 -->
  <testcase classname="pagesTest.HomePageTest" name="newUserRegistrationButtonClickTest" time="0.0">
    <ignored/>
  </testcase> <!-- newUserRegistrationButtonClickTest -->
  <testcase classname="pagesTest.HomePageTest" name="use_of_isDisplayed_test_02" time="0.0">
    <ignored/>
  </testcase> <!-- use_of_isDisplayed_test_02 -->
  <testcase classname="pagesTest.HomePageTest" name="getMethodsOfThePage06Test" time="0.0">
    <ignored/>
  </testcase> <!-- getMethodsOfThePage06Test -->
  <testcase classname="pagesTest.HomePageTest" name="use_of_explicitly_wait_04_test" time="0.0">
    <ignored/>
  </testcase> <!-- use_of_explicitly_wait_04_test -->
  <testcase classname="pagesTest.HomePageTest" name="getMethodsOfThePage07Test" time="0.0">
    <ignored/>
  </testcase> <!-- getMethodsOfThePage07Test -->
  <testcase classname="pagesTest.HomePageTest" name="use_of_expectedExceptions02Test" time="0.0">
    <ignored/>
  </testcase> <!-- use_of_expectedExceptions02Test -->
  <testcase classname="pagesTest.HomePageTest" name="use_of_isDisplayed_in_login_test" time="0.0">
    <ignored/>
  </testcase> <!-- use_of_isDisplayed_in_login_test -->
  <testcase classname="pagesTest.HomePageTest" name="use_of_drag_and_drop_action_test" time="0.0">
    <ignored/>
  </testcase> <!-- use_of_drag_and_drop_action_test -->
  <testcase classname="pagesTest.HomePageTest" name="implicitlyWaitTest" time="0.0">
    <ignored/>
  </testcase> <!-- implicitlyWaitTest -->
  <testcase classname="pagesTest.HomePageTest" name="use_of_slider_action_test" time="0.0">
    <ignored/>
  </testcase> <!-- use_of_slider_action_test -->
  <testcase classname="pagesTest.HomePageTest" name="use_of_expectedExceptions03Test" time="0.0">
    <ignored/>
  </testcase> <!-- use_of_expectedExceptions03Test -->
  <testcase classname="pagesTest.HomePageTest" name="use_of_double_click_action_test" time="0.0">
    <ignored/>
  </testcase> <!-- use_of_double_click_action_test -->
  <testcase classname="pagesTest.HomePageTest" name="inputTextInUserIdFieldTest" time="0.0">
    <ignored/>
  </testcase> <!-- inputTextInUserIdFieldTest -->
  <testcase classname="pagesTest.HomePageTest" name="use_of_clear_in_login_test" time="0.0">
    <ignored/>
  </testcase> <!-- use_of_clear_in_login_test -->
  <testcase classname="pagesTest.HomePageTest" name="alternate_of_click_method_test" time="0.0">
    <ignored/>
  </testcase> <!-- alternate_of_click_method_test -->
  <testcase classname="pagesTest.HomePageTest" name="scroll_into_view_the_element_by_commonActions_test" time="0.0">
    <ignored/>
  </testcase> <!-- scroll_into_view_the_element_by_commonActions_test -->
  <testcase classname="pagesTest.HomePageTest" name="use_of_explicitly_wait_01_test" time="0.0">
    <ignored/>
  </testcase> <!-- use_of_explicitly_wait_01_test -->
  <testcase classname="pagesTest.HomePageTest" name="homepageLoginButtonTest08" time="0.0">
    <ignored/>
  </testcase> <!-- homepageLoginButtonTest08 -->
  <testcase classname="pagesTest.HomePageTest" name="authentication_pop_up_test" time="0.0">
    <ignored/>
  </testcase> <!-- authentication_pop_up_test -->
  <testcase classname="pagesTest.HomePageTest" name="use_of_getAttribute_by_common_method_test" time="0.0">
    <ignored/>
  </testcase> <!-- use_of_getAttribute_by_common_method_test -->
  <testcase classname="pagesTest.HomePageTest" name="nullPointerExceptionTest" time="0.0">
    <ignored/>
  </testcase> <!-- nullPointerExceptionTest -->
  <testcase classname="pagesTest.HomePageTest" name="alternate_of_click_method_in_loginButtonTest01" time="0.0">
    <ignored/>
  </testcase> <!-- alternate_of_click_method_in_loginButtonTest01 -->
  <testcase classname="pagesTest.HomePageTest" name="clickPasswordTest" time="0.0">
    <ignored/>
  </testcase> <!-- clickPasswordTest -->
  <testcase classname="pagesTest.HomePageTest" name="use_of_isDisplayed_test_01" time="0.0">
    <ignored/>
  </testcase> <!-- use_of_isDisplayed_test_01 -->
  <testcase classname="pagesTest.HomePageTest" name="use_of_mouse_hoverAction_on_ourLocations_test" time="0.0">
    <ignored/>
  </testcase> <!-- use_of_mouse_hoverAction_on_ourLocations_test -->
  <testcase classname="pagesTest.HomePageTest" name="skipHomePageTitle02Test" time="0.0">
    <ignored/>
  </testcase> <!-- skipHomePageTitle02Test -->
  <testcase classname="pagesTest.HomePageTest" name="login_process_by_JavascriptExecutor_common_method_test" time="0.0">
    <ignored/>
  </testcase> <!-- login_process_by_JavascriptExecutor_common_method_test -->
  <testcase classname="pagesTest.HomePageTest" name="getMethodsOfThePage05Test" time="0.0">
    <ignored/>
  </testcase> <!-- getMethodsOfThePage05Test -->
  <testcase classname="pagesTest.HomePageTest" name="use_of_isEnabled_in_login_test" time="0.0">
    <ignored/>
  </testcase> <!-- use_of_isEnabled_in_login_test -->
  <testcase classname="pagesTest.HomePageTest" name="use_of_expectedExceptions04Test" time="0.0">
    <ignored/>
  </testcase> <!-- use_of_expectedExceptions04Test -->
  <testcase classname="pagesTest.HomePageTest" name="inputTextInUserIdAndPasswordFieldThenIAgreeAndClickToTheLoginButtonTest" time="0.0">
    <ignored/>
  </testcase> <!-- inputTextInUserIdAndPasswordFieldThenIAgreeAndClickToTheLoginButtonTest -->
  <testcase classname="pagesTest.HomePageTest" name="clickUnlockTest" time="0.0">
    <ignored/>
  </testcase> <!-- clickUnlockTest -->
  <testcase classname="pagesTest.HomePageTest" name="use_of_linkText_as_locator_in_forgot_userId_hyperlink_test" time="0.0">
    <ignored/>
  </testcase> <!-- use_of_linkText_as_locator_in_forgot_userId_hyperlink_test -->
  <testcase classname="pagesTest.HomePageTest" name="why_we_use_cssSelector_as_locator_in_logo_test" time="0.0">
    <ignored/>
  </testcase> <!-- why_we_use_cssSelector_as_locator_in_logo_test -->
  <testcase classname="pagesTest.HomePageTest" name="role5_use_of_cssSelector_by_class_name_value_and_attribute_and_its_value_test" time="0.0">
    <ignored/>
  </testcase> <!-- role5_use_of_cssSelector_by_class_name_value_and_attribute_and_its_value_test -->
  <testcase classname="pagesTest.HomePageTest" name="use_of_sendKeys_method_then_click_by_enter_key_of_the_laptop_test_02" time="0.0">
    <ignored/>
  </testcase> <!-- use_of_sendKeys_method_then_click_by_enter_key_of_the_laptop_test_02 -->
  <testcase classname="pagesTest.HomePageTest" name="clickNewUserRegistrationTest" time="0.0">
    <ignored/>
  </testcase> <!-- clickNewUserRegistrationTest -->
  <testcase classname="pagesTest.HomePageTest" name="use_of_sendKeys_method_then_click_by_return_key_of_the_laptop_test" time="0.0">
    <ignored/>
  </testcase> <!-- use_of_sendKeys_method_then_click_by_return_key_of_the_laptop_test -->
  <testcase classname="pagesTest.HomePageTest" name="getMethodsOfThePage04Test" time="0.0">
    <ignored/>
  </testcase> <!-- getMethodsOfThePage04Test -->
  <testcase classname="pagesTest.HomePageTest" name="use_of_scroll_down_and_scroll_up_by_robot_class" time="0.0">
    <ignored/>
  </testcase> <!-- use_of_scroll_down_and_scroll_up_by_robot_class -->
  <testcase classname="pagesTest.HomePageTest" name="read_any_cell_of_a_row_of_the_table" time="0.0">
    <ignored/>
  </testcase> <!-- read_any_cell_of_a_row_of_the_table -->
  <testcase classname="pagesTest.HomePageTest" name="homepageLoginButtonTest07" time="0.0">
    <ignored/>
  </testcase> <!-- homepageLoginButtonTest07 -->
  <testcase classname="pagesTest.HomePageTest" name="read_table_test" time="0.0">
    <ignored/>
  </testcase> <!-- read_table_test -->
  <testcase classname="pagesTest.HomePageTest" name="clickUserIdTest" time="0.0">
    <ignored/>
  </testcase> <!-- clickUserIdTest -->
  <testcase classname="pagesTest.HomePageTest" name="clickLogoTest" time="0.0">
    <ignored/>
  </testcase> <!-- clickLogoTest -->
  <testcase classname="pagesTest.HomePageTest" name="alternate_of_click_method_in_loginButtonTest04" time="0.0">
    <ignored/>
  </testcase> <!-- alternate_of_click_method_in_loginButtonTest04 -->
  <testcase classname="pagesTest.HomePageTest" name="use_of_partialLinkText_as_locator_in_forgot_passowrd_hyperlink_test" time="0.0">
    <ignored/>
  </testcase> <!-- use_of_partialLinkText_as_locator_in_forgot_passowrd_hyperlink_test -->
  <testcase classname="pagesTest.HomePageTest" name="use_of_expectedExceptions01Test" time="0.0">
    <ignored/>
  </testcase> <!-- use_of_expectedExceptions01Test -->
  <testcase classname="pagesTest.HomePageTest" name="role2_use_of_cssSelector_by_id_value_test" time="0.0">
    <ignored/>
  </testcase> <!-- role2_use_of_cssSelector_by_id_value_test -->
  <testcase classname="pagesTest.HomePageTest" name="use_of_set_script_timeout_for_window" time="0.0">
    <ignored/>
  </testcase> <!-- use_of_set_script_timeout_for_window -->
  <testcase classname="pagesTest.HomePageTest" name="use_of_scroll_down_and_up_by_actions_class_Test" time="0.0">
    <ignored/>
  </testcase> <!-- use_of_scroll_down_and_up_by_actions_class_Test -->
  <testcase classname="pagesTest.HomePageTest" name="use_of_sendKeys_method_then_click_by_enter_key_of_the_laptop_test_01" time="0.0">
    <ignored/>
  </testcase> <!-- use_of_sendKeys_method_then_click_by_enter_key_of_the_laptop_test_01 -->
  <testcase classname="pagesTest.HomePageTest" name="use_of_isSelected_in_login" time="0.0">
    <ignored/>
  </testcase> <!-- use_of_isSelected_in_login -->
</testsuite> <!-- Default test -->
